[11:16:45] [main/INFO]: Logging in with username & password
[11:16:55] [Client thread/INFO]: Setting user: Jazzable
[11:17:01] [Client thread/WARN]: Skipping bad option: lastServer:
[11:17:01] [Client thread/INFO]: LWJGL Version: 2.9.2
[11:17:01] [Client thread/INFO]: [STDOUT]: ---- Minecraft Crash Report ----
// Hi. I'm Minecraft, and I'm a crashaholic.

Time: 2/24/17 11:17 AM
Description: Loading screen debug info

This is just a prompt for computer specs to be printed. THIS IS NOT A ERROR


A detailed walkthrough of the error, its code path and all known details is as follows:
---------------------------------------------------------------------------------------

-- System Details --
Details:
	Minecraft Version: 1.11.2
	Operating System: Mac OS X (x86_64) version 10.12.3
	Java Version: 1.8.0_121, Oracle Corporation
	Java VM Version: Java HotSpot(TM) 64-Bit Server VM (mixed mode), Oracle Corporation
	Memory: 518732096 bytes (494 MB) / 999817216 bytes (953 MB) up to 3817865216 bytes (3641 MB)
	JVM Flags: 0 total; 
	IntCache: cache: 0, tcache: 0, allocated: 0, tallocated: 0
	FML: 
	Loaded coremods (and transformers): 
	GL info: ' Vendor: 'Intel Inc.' Version: '2.1 INTEL-10.22.29' Renderer: 'Intel(R) Iris(TM) Graphics 6100'
[11:17:05] [Client thread/INFO]: Reloading ResourceManager: Default, FMLFileResourcePack:Forge Mod Loader, FMLFileResourcePack:Minecraft Forge, FMLFileResourcePack:AccessTweaks, FMLFileResourcePack:Example Mod
[11:17:08] [Sound Library Loader/INFO]: Starting up SoundSystem...
[11:17:08] [Thread-7/INFO]: Initializing LWJGL OpenAL
[11:17:08] [Thread-7/INFO]: (The LWJGL binding of OpenAL.  For more information, see http://www.lwjgl.org)
[11:17:08] [Thread-7/INFO]: OpenAL initialized.
[11:17:08] [Sound Library Loader/INFO]: Sound engine started
[11:17:12] [Client thread/INFO]: Created: 16x16 textures-atlas
[11:17:14] [Client thread/INFO]: [STDOUT]: DIRT BLOCK >> tile.dirt
[11:17:14] [Client thread/INFO]: Reloading ResourceManager: Default, FMLFileResourcePack:Forge Mod Loader, FMLFileResourcePack:Minecraft Forge, FMLFileResourcePack:AccessTweaks, FMLFileResourcePack:Example Mod
[11:17:16] [Client thread/INFO]: SoundSystem shutting down...
[11:17:16] [Client thread/WARN]: Author: Paul Lamb, www.paulscode.com
[11:17:16] [Sound Library Loader/INFO]: Starting up SoundSystem...
[11:17:16] [Thread-9/INFO]: Initializing LWJGL OpenAL
[11:17:16] [Thread-9/INFO]: (The LWJGL binding of OpenAL.  For more information, see http://www.lwjgl.org)
[11:17:16] [Thread-9/INFO]: OpenAL initialized.
[11:17:16] [Sound Library Loader/INFO]: Sound engine started
[11:17:19] [Client thread/INFO]: Created: 512x512 textures-atlas
[11:17:21] [Client thread/WARN]: Skipping bad option: lastServer:
[11:17:24] [Server thread/INFO]: Starting integrated minecraft server version 1.11.2
[11:17:24] [Server thread/INFO]: Generating keypair
[11:17:25] [Server thread/INFO]: Preparing start region for level 0
[11:17:26] [Server thread/INFO]: Changing view distance to 12, from 10
[11:17:27] [Server thread/INFO]: Jazzable[local:E:d41336cb] logged in with entity id 130 at (229.56726736848927, 60.0, -62.69620328198786)
[11:17:27] [Server thread/INFO]: Jazzable joined the game
[11:17:28] [Client thread/INFO]: [STDOUT]: is the player
[11:17:28] [Client thread/INFO]: [STDOUT]: updating brightness for id -1
[11:17:28] [Client thread/INFO]: [STDOUT]: netherbright? true
[11:17:29] [Server thread/INFO]: Saving and pausing game...
[11:17:29] [Server thread/INFO]: Saving chunks for level 'New World'/Overworld
[11:17:29] [Server thread/INFO]: Saving chunks for level 'New World'/Nether
[11:17:29] [Server thread/INFO]: Saving chunks for level 'New World'/The End
[11:17:30] [Server thread/WARN]: Can't keep up! Did the system time change, or is the server overloaded? Running 2402ms behind, skipping 48 tick(s)
[11:17:38] [Server thread/INFO]: Saving and pausing game...
[11:17:38] [Server thread/INFO]: Saving chunks for level 'New World'/Overworld
[11:17:38] [Server thread/INFO]: Saving chunks for level 'New World'/Nether
[11:17:38] [Server thread/INFO]: Saving chunks for level 'New World'/The End
[11:17:38] [Server thread/INFO]: Stopping server
[11:17:38] [Server thread/INFO]: Saving players
[11:17:38] [Server thread/INFO]: Jazzable lost connection: TextComponent{text='Disconnected', siblings=[], style=Style{hasParent=false, color=null, bold=null, italic=null, underlined=null, obfuscated=null, clickEvent=null, hoverEvent=null, insertion=null}}
[11:17:38] [Server thread/INFO]: Jazzable left the game
[11:17:38] [Server thread/INFO]: Stopping singleplayer server as player logged out
[11:17:38] [Server thread/INFO]: Saving worlds
[11:17:38] [Server thread/INFO]: Saving chunks for level 'New World'/Overworld
[11:17:38] [Server thread/INFO]: Saving chunks for level 'New World'/Nether
[11:17:38] [Server thread/INFO]: Saving chunks for level 'New World'/The End
[11:17:40] [Client thread/INFO]: Stopping!
[11:17:40] [Client thread/INFO]: SoundSystem shutting down...
[11:17:40] [Client thread/WARN]: Author: Paul Lamb, www.paulscode.com
